<?xml version="1.0" encoding="utf-8" standalone="no"?>
<!--This file represents the results of running a test suite-->
<test-results name="c:\dev\exercism\csharp\robot-name\Robot\Robot\bin\Debug\Robot.dll" total="4" errors="0" failures="0" not-run="0" inconclusive="0" ignored="0" skipped="0" invalid="0" date="2014-12-01" time="14:30:22">
  <environment nunit-version="2.6.3.13283" clr-version="2.0.50727.8009" os-version="Microsoft Windows NT 6.2.9200.0" platform="Win32NT" cwd="c:\dev\exercism\csharp\robot-name" machine-name="WIN-Q5S3IKG5FIE" user="Scott" user-domain="WIN-Q5S3IKG5FIE" />
  <culture-info current-culture="en-AU" current-uiculture="en-US" />
  <test-suite type="Assembly" name="c:\dev\exercism\csharp\robot-name\Robot\Robot\bin\Debug\Robot.dll" executed="True" result="Success" success="True" time="0.171" asserts="0">
    <results>
      <test-suite type="TestFixture" name="RobotNameTest" executed="True" result="Success" success="True" time="0.155" asserts="0">
        <results>
          <test-case name="RobotNameTest.Can_reset_the_name" executed="True" result="Success" success="True" time="0.031" asserts="1" />
          <test-case name="RobotNameTest.Different_robots_have_different_names" executed="True" result="Success" success="True" time="0.000" asserts="1" />
          <test-case name="RobotNameTest.Name_is_the_same_each_time" executed="True" result="Success" success="True" time="0.001" asserts="1" />
          <test-case name="RobotNameTest.Robot_has_a_name" executed="True" result="Success" success="True" time="0.106" asserts="1" />
        </results>
      </test-suite>
    </results>
  </test-suite>
</test-results>